2026-07-23 17:05:20,066 - seismic_optimization - INFO - Iter    0 | Loss: 7.222075e+01 | Grad: 0.0000e+00 | dParam: 0.0000e+00
2026-07-23 17:05:20,667 - seismic_optimization - INFO - Iter    1 | Loss: 7.156941e+01 | Grad: 2.7172e-09 | dParam: 2.3973e+08
2026-07-23 17:05:21,297 - seismic_optimization - INFO - Iter    2 | Loss: 7.091598e+01 | Grad: 2.7206e-09 | dParam: 2.4008e+08
2026-07-23 17:05:21,939 - seismic_optimization - INFO - Iter    3 | Loss: 7.025993e+01 | Grad: 2.7259e-09 | dParam: 2.4048e+08
2026-07-23 17:05:22,585 - seismic_optimization - INFO - Iter    4 | Loss: 6.960066e+01 | Grad: 2.7332e-09 | dParam: 2.4093e+08
2026-07-23 17:05:23,209 - seismic_optimization - INFO - Iter    5 | Loss: 6.893753e+01 | Grad: 2.7426e-09 | dParam: 2.4146e+08
2026-07-23 17:05:23,827 - seismic_optimization - INFO - Iter    6 | Loss: 6.826980e+01 | Grad: 2.7543e-09 | dParam: 2.4206e+08
2026-07-23 17:05:24,455 - seismic_optimization - INFO - Iter    7 | Loss: 6.759667e+01 | Grad: 2.7686e-09 | dParam: 2.4274e+08
2026-07-23 17:05:25,086 - seismic_optimization - INFO - Iter    8 | Loss: 6.691723e+01 | Grad: 2.7856e-09 | dParam: 2.4352e+08
2026-07-23 17:05:25,714 - seismic_optimization - INFO - Iter    9 | Loss: 6.623049e+01 | Grad: 2.8056e-09 | dParam: 2.4440e+08
2026-07-23 17:05:26,307 - seismic_optimization - INFO - Iter   10 | Loss: 6.553534e+01 | Grad: 2.8288e-09 | dParam: 2.4539e+08
2026-07-23 17:05:26,917 - seismic_optimization - INFO - Iter   11 | Loss: 6.483056e+01 | Grad: 2.8554e-09 | dParam: 2.4651e+08
2026-07-23 17:05:27,526 - seismic_optimization - INFO - Iter   12 | Loss: 6.411481e+01 | Grad: 2.8857e-09 | dParam: 2.4777e+08
2026-07-23 17:05:28,145 - seismic_optimization - INFO - Iter   13 | Loss: 6.338659e+01 | Grad: 2.9200e-09 | dParam: 2.4918e+08
2026-07-23 17:05:28,749 - seismic_optimization - INFO - Iter   14 | Loss: 6.264422e+01 | Grad: 2.9587e-09 | dParam: 2.5076e+08
2026-07-23 17:05:29,383 - seismic_optimization - INFO - Iter   15 | Loss: 6.188585e+01 | Grad: 3.0022e-09 | dParam: 2.5252e+08
2026-07-23 17:05:29,996 - seismic_optimization - INFO - Iter   16 | Loss: 6.110943e+01 | Grad: 3.0508e-09 | dParam: 2.5448e+08
2026-07-23 17:05:30,648 - seismic_optimization - INFO - Iter   17 | Loss: 6.031263e+01 | Grad: 3.1050e-09 | dParam: 2.5667e+08
2026-07-23 17:05:31,258 - seismic_optimization - INFO - Iter   18 | Loss: 5.949287e+01 | Grad: 3.1654e-09 | dParam: 2.5909e+08
2026-07-23 17:05:31,859 - seismic_optimization - INFO - Iter   19 | Loss: 5.864724e+01 | Grad: 3.2327e-09 | dParam: 2.6177e+08
2026-07-23 17:05:32,472 - seismic_optimization - INFO - Iter   20 | Loss: 5.777244e+01 | Grad: 3.3074e-09 | dParam: 2.6475e+08
2026-07-23 17:05:33,088 - seismic_optimization - INFO - Iter   21 | Loss: 5.686477e+01 | Grad: 3.3903e-09 | dParam: 2.6803e+08
2026-07-23 17:05:33,695 - seismic_optimization - INFO - Iter   22 | Loss: 5.592001e+01 | Grad: 3.4825e-09 | dParam: 2.7166e+08
2026-07-23 17:05:34,303 - seismic_optimization - INFO - Iter   23 | Loss: 5.493338e+01 | Grad: 3.5847e-09 | dParam: 2.7566e+08
2026-07-23 17:05:34,923 - seismic_optimization - INFO - Iter   24 | Loss: 5.389944e+01 | Grad: 3.6982e-09 | dParam: 2.8006e+08
2026-07-23 17:05:35,554 - seismic_optimization - INFO - Iter   25 | Loss: 5.281202e+01 | Grad: 3.8241e-09 | dParam: 2.8491e+08
2026-07-23 17:05:36,359 - seismic_optimization - INFO - Iter   26 | Loss: 5.166412e+01 | Grad: 3.9635e-09 | dParam: 2.9023e+08
2026-07-23 17:05:37,007 - seismic_optimization - INFO - Iter   27 | Loss: 5.044785e+01 | Grad: 4.1177e-09 | dParam: 2.9607e+08
2026-07-23 17:05:37,619 - seismic_optimization - INFO - Iter   28 | Loss: 4.915434e+01 | Grad: 4.2878e-09 | dParam: 3.0247e+08
2026-07-23 17:05:38,227 - seismic_optimization - INFO - Iter   29 | Loss: 4.777377e+01 | Grad: 4.4746e-09 | dParam: 3.0945e+08
2026-07-23 17:05:38,854 - seismic_optimization - INFO - Iter   30 | Loss: 4.629541e+01 | Grad: 4.6788e-09 | dParam: 3.1704e+08
2026-07-23 17:05:39,548 - seismic_optimization - INFO - Iter   31 | Loss: 4.470781e+01 | Grad: 4.9003e-09 | dParam: 3.2527e+08
2026-07-23 17:05:40,184 - seismic_optimization - INFO - Iter   32 | Loss: 4.299918e+01 | Grad: 5.1379e-09 | dParam: 3.3414e+08
2026-07-23 17:05:40,859 - seismic_optimization - INFO - Iter   33 | Loss: 4.115803e+01 | Grad: 5.3892e-09 | dParam: 3.4362e+08
2026-07-23 17:05:41,506 - seismic_optimization - INFO - Iter   34 | Loss: 3.917423e+01 | Grad: 5.6499e-09 | dParam: 3.5366e+08
2026-07-23 17:05:42,214 - seismic_optimization - INFO - Iter   35 | Loss: 3.704056e+01 | Grad: 5.9127e-09 | dParam: 3.6416e+08
2026-07-23 17:05:42,965 - seismic_optimization - INFO - Iter   36 | Loss: 3.475495e+01 | Grad: 6.1673e-09 | dParam: 3.7497e+08
2026-07-23 17:05:44,031 - seismic_optimization - INFO - Iter   37 | Loss: 3.232347e+01 | Grad: 6.3984e-09 | dParam: 3.8586e+08
2026-07-23 17:05:44,755 - seismic_optimization - INFO - Iter   38 | Loss: 2.976409e+01 | Grad: 6.5856e-09 | dParam: 3.9649e+08
2026-07-23 17:05:45,484 - seismic_optimization - INFO - Iter   39 | Loss: 2.711096e+01 | Grad: 6.7025e-09 | dParam: 4.0644e+08
2026-07-23 17:05:46,224 - seismic_optimization - INFO - Iter   40 | Loss: 2.441845e+01 | Grad: 6.7169e-09 | dParam: 4.1512e+08
2026-07-23 17:05:46,961 - seismic_optimization - INFO - Iter   41 | Loss: 2.176348e+01 | Grad: 6.5926e-09 | dParam: 4.2183e+08
2026-07-23 17:05:47,732 - seismic_optimization - INFO - Iter   42 | Loss: 1.924425e+01 | Grad: 6.2941e-09 | dParam: 4.2570e+08
2026-07-23 17:05:48,527 - seismic_optimization - INFO - Iter   43 | Loss: 1.697282e+01 | Grad: 5.7942e-09 | dParam: 4.2577e+08
2026-07-23 17:05:49,316 - seismic_optimization - INFO - Iter   44 | Loss: 1.506033e+01 | Grad: 5.0858e-09 | dParam: 4.2102e+08
2026-07-23 17:05:50,121 - seismic_optimization - INFO - Iter   45 | Loss: 1.359592e+01 | Grad: 4.1989e-09 | dParam: 4.1053e+08
2026-07-23 17:05:50,848 - seismic_optimization - INFO - Iter   46 | Loss: 1.262448e+01 | Grad: 3.2267e-09 | dParam: 3.9365e+08
2026-07-23 17:05:51,588 - seismic_optimization - INFO - Iter   47 | Loss: 1.213072e+01 | Grad: 2.3907e-09 | dParam: 3.7022e+08
2026-07-23 17:05:52,349 - seismic_optimization - INFO - Iter   48 | Loss: 1.203686e+01 | Grad: 2.1171e-09 | dParam: 3.4082e+08
2026-07-23 17:05:53,093 - seismic_optimization - INFO - Iter   49 | Loss: 1.221637e+01 | Grad: 2.5983e-09 | dParam: 3.0692e+08
2026-07-23 17:05:54,342 - seismic_optimization - INFO - Iter   50 | Loss: 1.251978e+01 | Grad: 3.4185e-09 | dParam: 2.7097e+08
2026-07-23 17:05:55,101 - seismic_optimization - INFO - Iter   51 | Loss: 1.280389e+01 | Grad: 4.2328e-09 | dParam: 2.3628e+08
2026-07-23 17:05:55,828 - seismic_optimization - INFO - Iter   52 | Loss: 1.295585e+01 | Grad: 4.8977e-09 | dParam: 2.0681e+08
2026-07-23 17:05:56,871 - seismic_optimization - INFO - Iter   53 | Loss: 1.290647e+01 | Grad: 5.3589e-09 | dParam: 1.8637e+08
2026-07-23 17:05:57,660 - seismic_optimization - INFO - Iter   54 | Loss: 1.263263e+01 | Grad: 5.6025e-09 | dParam: 1.7721e+08
2026-07-23 17:05:58,397 - seismic_optimization - INFO - Iter   55 | Loss: 1.215126e+01 | Grad: 5.6349e-09 | dParam: 1.7850e+08
2026-07-23 17:05:59,135 - seismic_optimization - INFO - Iter   56 | Loss: 1.150857e+01 | Grad: 5.4740e-09 | dParam: 1.8673e+08
2026-07-23 17:05:59,874 - seismic_optimization - INFO - Iter   57 | Loss: 1.076752e+01 | Grad: 5.1453e-09 | dParam: 1.9780e+08
2026-07-23 17:06:00,615 - seismic_optimization - INFO - Iter   58 | Loss: 9.995661e+00 | Grad: 4.6795e-09 | dParam: 2.0842e+08
2026-07-23 17:06:01,363 - seismic_optimization - INFO - Iter   59 | Loss: 9.254636e+00 | Grad: 4.1126e-09 | dParam: 2.1654e+08
2026-07-23 17:06:02,080 - seismic_optimization - INFO - Iter   60 | Loss: 8.592476e+00 | Grad: 3.4857e-09 | dParam: 2.2103e+08
2026-07-23 17:06:02,803 - seismic_optimization - INFO - Iter   61 | Loss: 8.039246e+00 | Grad: 2.8456e-09 | dParam: 2.2151e+08
2026-07-23 17:06:03,524 - seismic_optimization - INFO - Iter   62 | Loss: 7.606197e+00 | Grad: 2.2479e-09 | dParam: 2.1807e+08
2026-07-23 17:06:04,234 - seismic_optimization - INFO - Iter   63 | Loss: 7.287941e+00 | Grad: 1.7641e-09 | dParam: 2.1120e+08
2026-07-23 17:06:04,941 - seismic_optimization - INFO - Iter   64 | Loss: 7.066712e+00 | Grad: 1.4806e-09 | dParam: 2.0160e+08
2026-07-23 17:06:05,656 - seismic_optimization - INFO - Iter   65 | Loss: 6.917534e+00 | Grad: 1.4464e-09 | dParam: 1.9020e+08
2026-07-23 17:06:06,390 - seismic_optimization - INFO - Iter   66 | Loss: 6.813184e+00 | Grad: 1.5980e-09 | dParam: 1.7797e+08
2026-07-23 17:06:07,161 - seismic_optimization - INFO - Iter   67 | Loss: 6.728209e+00 | Grad: 1.8215e-09 | dParam: 1.6593e+08
2026-07-23 17:06:07,993 - seismic_optimization - INFO - Iter   68 | Loss: 6.641652e+00 | Grad: 2.0397e-09 | dParam: 1.5500e+08
2026-07-23 17:06:08,748 - seismic_optimization - INFO - Iter   69 | Loss: 6.538484e+00 | Grad: 2.2161e-09 | dParam: 1.4593e+08
2026-07-23 17:06:09,514 - seismic_optimization - INFO - Iter   70 | Loss: 6.409972e+00 | Grad: 2.3358e-09 | dParam: 1.3920e+08
2026-07-23 17:06:10,296 - seismic_optimization - INFO - Iter   71 | Loss: 6.253260e+00 | Grad: 2.3948e-09 | dParam: 1.3490e+08
2026-07-23 17:06:11,084 - seismic_optimization - INFO - Iter   72 | Loss: 6.070451e+00 | Grad: 2.3938e-09 | dParam: 1.3276e+08
2026-07-23 17:06:11,827 - seismic_optimization - INFO - Iter   73 | Loss: 5.867387e+00 | Grad: 2.3370e-09 | dParam: 1.3225e+08
2026-07-23 17:06:12,562 - seismic_optimization - INFO - Iter   74 | Loss: 5.652291e+00 | Grad: 2.2301e-09 | dParam: 1.3269e+08
2026-07-23 17:06:13,316 - seismic_optimization - INFO - Iter   75 | Loss: 5.434406e+00 | Grad: 2.0809e-09 | dParam: 1.3341e+08
2026-07-23 17:06:14,034 - seismic_optimization - INFO - Iter   76 | Loss: 5.222719e+00 | Grad: 1.8990e-09 | dParam: 1.3386e+08
2026-07-23 17:06:14,753 - seismic_optimization - INFO - Iter   77 | Loss: 5.024883e+00 | Grad: 1.6963e-09 | dParam: 1.3363e+08
2026-07-23 17:06:15,463 - seismic_optimization - INFO - Iter   78 | Loss: 4.846420e+00 | Grad: 1.4879e-09 | dParam: 1.3249e+08
2026-07-23 17:06:16,174 - seismic_optimization - INFO - Iter   79 | Loss: 4.690277e+00 | Grad: 1.2922e-09 | dParam: 1.3035e+08
2026-07-23 17:06:16,912 - seismic_optimization - INFO - Iter   80 | Loss: 4.556753e+00 | Grad: 1.1312e-09 | dParam: 1.2725e+08
2026-07-23 17:06:17,625 - seismic_optimization - INFO - Iter   81 | Loss: 4.443797e+00 | Grad: 1.0271e-09 | dParam: 1.2335e+08
2026-07-23 17:06:18,345 - seismic_optimization - INFO - Iter   82 | Loss: 4.347585e+00 | Grad: 9.9169e-10 | dParam: 1.1890e+08
2026-07-23 17:06:19,090 - seismic_optimization - INFO - Iter   83 | Loss: 4.263273e+00 | Grad: 1.0175e-09 | dParam: 1.1420e+08
2026-07-23 17:06:19,833 - seismic_optimization - INFO - Iter   84 | Loss: 4.185795e+00 | Grad: 1.0808e-09 | dParam: 1.0956e+08
2026-07-23 17:06:20,557 - seismic_optimization - INFO - Iter   85 | Loss: 4.110579e+00 | Grad: 1.1558e-09 | dParam: 1.0530e+08
2026-07-23 17:06:21,287 - seismic_optimization - INFO - Iter   86 | Loss: 4.034083e+00 | Grad: 1.2229e-09 | dParam: 1.0164e+08
2026-07-23 17:06:22,008 - seismic_optimization - INFO - Iter   87 | Loss: 3.954090e+00 | Grad: 1.2703e-09 | dParam: 9.8709e+07
2026-07-23 17:06:22,744 - seismic_optimization - INFO - Iter   88 | Loss: 3.869768e+00 | Grad: 1.2921e-09 | dParam: 9.6538e+07
2026-07-23 17:06:23,460 - seismic_optimization - INFO - Iter   89 | Loss: 3.781513e+00 | Grad: 1.2868e-09 | dParam: 9.5031e+07
2026-07-23 17:06:24,200 - seismic_optimization - INFO - Iter   90 | Loss: 3.690641e+00 | Grad: 1.2560e-09 | dParam: 9.4019e+07
2026-07-23 17:06:24,921 - seismic_optimization - INFO - Iter   91 | Loss: 3.598999e+00 | Grad: 1.2039e-09 | dParam: 9.3294e+07
2026-07-23 17:06:25,663 - seismic_optimization - INFO - Iter   92 | Loss: 3.508579e+00 | Grad: 1.1360e-09 | dParam: 9.2654e+07
2026-07-23 17:06:26,405 - seismic_optimization - INFO - Iter   93 | Loss: 3.421177e+00 | Grad: 1.0594e-09 | dParam: 9.1933e+07
2026-07-23 17:06:27,296 - seismic_optimization - INFO - Iter   94 | Loss: 3.338152e+00 | Grad: 9.8147e-10 | dParam: 9.1016e+07
2026-07-23 17:06:28,100 - seismic_optimization - INFO - Iter   95 | Loss: 3.260296e+00 | Grad: 9.0993e-10 | dParam: 8.9847e+07
2026-07-23 17:06:28,861 - seismic_optimization - INFO - Iter   96 | Loss: 3.187815e+00 | Grad: 8.5135e-10 | dParam: 8.8425e+07
2026-07-23 17:06:29,595 - seismic_optimization - INFO - Iter   97 | Loss: 3.120397e+00 | Grad: 8.1019e-10 | dParam: 8.6789e+07
2026-07-23 17:06:30,319 - seismic_optimization - INFO - Iter   98 | Loss: 3.057345e+00 | Grad: 7.8764e-10 | dParam: 8.5013e+07
2026-07-23 17:06:31,052 - seismic_optimization - INFO - Iter   99 | Loss: 2.997738e+00 | Grad: 7.8135e-10 | dParam: 8.3183e+07
2026-07-23 17:06:31,767 - seismic_optimization - INFO - Iter  100 | Loss: 2.940594e+00 | Grad: 7.8649e-10 | dParam: 8.1389e+07
2026-07-23 17:06:32,483 - seismic_optimization - INFO - Iter  101 | Loss: 2.885008e+00 | Grad: 7.9735e-10 | dParam: 7.9708e+07
2026-07-23 17:06:33,190 - seismic_optimization - INFO - Iter  102 | Loss: 2.830251e+00 | Grad: 8.0878e-10 | dParam: 7.8198e+07
2026-07-23 17:06:33,898 - seismic_optimization - INFO - Iter  103 | Loss: 2.775834e+00 | Grad: 8.1690e-10 | dParam: 7.6886e+07
2026-07-23 17:06:34,611 - seismic_optimization - INFO - Iter  104 | Loss: 2.721516e+00 | Grad: 8.1931e-10 | dParam: 7.5776e+07
2026-07-23 17:06:35,593 - seismic_optimization - INFO - Iter  105 | Loss: 2.667285e+00 | Grad: 8.1496e-10 | dParam: 7.4845e+07
2026-07-23 17:06:36,364 - seismic_optimization - INFO - Iter  106 | Loss: 2.613310e+00 | Grad: 8.0389e-10 | dParam: 7.4051e+07
2026-07-23 17:06:37,083 - seismic_optimization - INFO - Iter  107 | Loss: 2.559875e+00 | Grad: 7.8704e-10 | dParam: 7.3346e+07
2026-07-23 17:06:37,808 - seismic_optimization - INFO - Iter  108 | Loss: 2.507314e+00 | Grad: 7.6594e-10 | dParam: 7.2679e+07
2026-07-23 17:06:38,892 - seismic_optimization - INFO - Iter  109 | Loss: 2.455947e+00 | Grad: 7.4252e-10 | dParam: 7.2007e+07
2026-07-23 17:06:39,664 - seismic_optimization - INFO - Iter  110 | Loss: 2.406034e+00 | Grad: 7.1882e-10 | dParam: 7.1297e+07
2026-07-23 17:06:40,374 - seismic_optimization - INFO - Iter  111 | Loss: 2.357745e+00 | Grad: 6.9674e-10 | dParam: 7.0530e+07
2026-07-23 17:06:41,091 - seismic_optimization - INFO - Iter  112 | Loss: 2.311144e+00 | Grad: 6.7780e-10 | dParam: 6.9700e+07
2026-07-23 17:06:41,935 - seismic_optimization - INFO - Iter  113 | Loss: 2.266199e+00 | Grad: 6.6292e-10 | dParam: 6.8813e+07
2026-07-23 17:06:42,647 - seismic_optimization - INFO - Iter  114 | Loss: 2.222796e+00 | Grad: 6.5233e-10 | dParam: 6.7886e+07
2026-07-23 17:06:43,367 - seismic_optimization - INFO - Iter  115 | Loss: 2.180769e+00 | Grad: 6.4558e-10 | dParam: 6.6938e+07
2026-07-23 17:06:44,089 - seismic_optimization - INFO - Iter  116 | Loss: 2.139924e+00 | Grad: 6.4174e-10 | dParam: 6.5991e+07
2026-07-23 17:06:44,799 - seismic_optimization - INFO - Iter  117 | Loss: 2.100076e+00 | Grad: 6.3959e-10 | dParam: 6.5067e+07
2026-07-23 17:06:45,494 - seismic_optimization - INFO - Iter  118 | Loss: 2.061062e+00 | Grad: 6.3791e-10 | dParam: 6.4181e+07
2026-07-23 17:06:46,187 - seismic_optimization - INFO - Iter  119 | Loss: 2.022763e+00 | Grad: 6.3568e-10 | dParam: 6.3343e+07
2026-07-23 17:06:46,882 - seismic_optimization - INFO - Iter  120 | Loss: 1.985106e+00 | Grad: 6.3212e-10 | dParam: 6.2557e+07
2026-07-23 17:06:47,609 - seismic_optimization - INFO - Iter  121 | Loss: 1.948064e+00 | Grad: 6.2685e-10 | dParam: 6.1820e+07
2026-07-23 17:06:48,361 - seismic_optimization - INFO - Iter  122 | Loss: 1.911650e+00 | Grad: 6.1978e-10 | dParam: 6.1123e+07
2026-07-23 17:06:49,289 - seismic_optimization - INFO - Iter  123 | Loss: 1.875901e+00 | Grad: 6.1109e-10 | dParam: 6.0458e+07
2026-07-23 17:06:49,990 - seismic_optimization - INFO - Iter  124 | Loss: 1.840867e+00 | Grad: 6.0121e-10 | dParam: 5.9813e+07
2026-07-23 17:06:50,690 - seismic_optimization - INFO - Iter  125 | Loss: 1.806598e+00 | Grad: 5.9063e-10 | dParam: 5.9178e+07
2026-07-23 17:06:51,405 - seismic_optimization - INFO - Iter  126 | Loss: 1.773136e+00 | Grad: 5.7991e-10 | dParam: 5.8544e+07
2026-07-23 17:06:52,101 - seismic_optimization - INFO - Iter  127 | Loss: 1.740504e+00 | Grad: 5.6955e-10 | dParam: 5.7906e+07
2026-07-23 17:06:52,803 - seismic_optimization - INFO - Iter  128 | Loss: 1.708708e+00 | Grad: 5.5994e-10 | dParam: 5.7262e+07
2026-07-23 17:06:53,508 - seismic_optimization - INFO - Iter  129 | Loss: 1.677733e+00 | Grad: 5.5130e-10 | dParam: 5.6614e+07
2026-07-23 17:06:54,211 - seismic_optimization - INFO - Iter  130 | Loss: 1.647549e+00 | Grad: 5.4371e-10 | dParam: 5.5963e+07
2026-07-23 17:06:54,920 - seismic_optimization - INFO - Iter  131 | Loss: 1.618116e+00 | Grad: 5.3710e-10 | dParam: 5.5313e+07
2026-07-23 17:06:55,625 - seismic_optimization - INFO - Iter  132 | Loss: 1.589387e+00 | Grad: 5.3129e-10 | dParam: 5.4670e+07
2026-07-23 17:06:56,328 - seismic_optimization - INFO - Iter  133 | Loss: 1.561317e+00 | Grad: 5.2603e-10 | dParam: 5.4037e+07
2026-07-23 17:06:57,028 - seismic_optimization - INFO - Iter  134 | Loss: 1.533865e+00 | Grad: 5.2105e-10 | dParam: 5.3417e+07
2026-07-23 17:06:57,746 - seismic_optimization - INFO - Iter  135 | Loss: 1.506996e+00 | Grad: 5.1613e-10 | dParam: 5.2813e+07
2026-07-23 17:06:58,550 - seismic_optimization - INFO - Iter  136 | Loss: 1.480685e+00 | Grad: 5.1107e-10 | dParam: 5.2224e+07
2026-07-23 17:06:59,289 - seismic_optimization - INFO - Iter  137 | Loss: 1.454917e+00 | Grad: 5.0578e-10 | dParam: 5.1650e+07
2026-07-23 17:07:00,001 - seismic_optimization - INFO - Iter  138 | Loss: 1.429682e+00 | Grad: 5.0020e-10 | dParam: 5.1088e+07
2026-07-23 17:07:00,727 - seismic_optimization - INFO - Iter  139 | Loss: 1.404976e+00 | Grad: 4.9436e-10 | dParam: 5.0537e+07
2026-07-23 17:07:01,434 - seismic_optimization - INFO - Iter  140 | Loss: 1.380798e+00 | Grad: 4.8835e-10 | dParam: 4.9994e+07
2026-07-23 17:07:02,145 - seismic_optimization - INFO - Iter  141 | Loss: 1.357149e+00 | Grad: 4.8225e-10 | dParam: 4.9456e+07
2026-07-23 17:07:02,856 - seismic_optimization - INFO - Iter  142 | Loss: 1.334027e+00 | Grad: 4.7620e-10 | dParam: 4.8921e+07
2026-07-23 17:07:03,567 - seismic_optimization - INFO - Iter  143 | Loss: 1.311427e+00 | Grad: 4.7027e-10 | dParam: 4.8388e+07
2026-07-23 17:07:04,267 - seismic_optimization - INFO - Iter  144 | Loss: 1.289343e+00 | Grad: 4.6456e-10 | dParam: 4.7857e+07
2026-07-23 17:07:04,978 - seismic_optimization - INFO - Iter  145 | Loss: 1.267763e+00 | Grad: 4.5911e-10 | dParam: 4.7327e+07
2026-07-23 17:07:05,677 - seismic_optimization - INFO - Iter  146 | Loss: 1.246674e+00 | Grad: 4.5392e-10 | dParam: 4.6801e+07
2026-07-23 17:07:06,379 - seismic_optimization - INFO - Iter  147 | Loss: 1.226061e+00 | Grad: 4.4899e-10 | dParam: 4.6278e+07
2026-07-23 17:07:07,094 - seismic_optimization - INFO - Iter  148 | Loss: 1.205907e+00 | Grad: 4.4427e-10 | dParam: 4.5760e+07
2026-07-23 17:07:07,819 - seismic_optimization - INFO - Iter  149 | Loss: 1.186195e+00 | Grad: 4.3970e-10 | dParam: 4.5249e+07
2026-07-23 17:07:08,559 - seismic_optimization - INFO - Iter  150 | Loss: 1.166911e+00 | Grad: 4.3522e-10 | dParam: 4.4744e+07
2026-07-23 17:07:09,266 - seismic_optimization - INFO - Iter  151 | Loss: 1.148040e+00 | Grad: 4.3077e-10 | dParam: 4.4248e+07
2026-07-23 17:07:09,959 - seismic_optimization - INFO - Iter  152 | Loss: 1.129569e+00 | Grad: 4.2631e-10 | dParam: 4.3760e+07
2026-07-23 17:07:10,653 - seismic_optimization - INFO - Iter  153 | Loss: 1.111490e+00 | Grad: 4.2182e-10 | dParam: 4.3281e+07
2026-07-23 17:07:11,349 - seismic_optimization - INFO - Iter  154 | Loss: 1.093793e+00 | Grad: 4.1728e-10 | dParam: 4.2809e+07
2026-07-23 17:07:12,045 - seismic_optimization - INFO - Iter  155 | Loss: 1.076470e+00 | Grad: 4.1270e-10 | dParam: 4.2345e+07
2026-07-23 17:07:12,753 - seismic_optimization - INFO - Iter  156 | Loss: 1.059515e+00 | Grad: 4.0811e-10 | dParam: 4.1888e+07
2026-07-23 17:07:13,454 - seismic_optimization - INFO - Iter  157 | Loss: 1.042922e+00 | Grad: 4.0352e-10 | dParam: 4.1438e+07
2026-07-23 17:07:14,158 - seismic_optimization - INFO - Iter  158 | Loss: 1.026683e+00 | Grad: 3.9896e-10 | dParam: 4.0993e+07
2026-07-23 17:07:14,886 - seismic_optimization - INFO - Iter  159 | Loss: 1.010794e+00 | Grad: 3.9446e-10 | dParam: 4.0554e+07
2026-07-23 17:07:15,596 - seismic_optimization - INFO - Iter  160 | Loss: 9.952455e-01 | Grad: 3.9005e-10 | dParam: 4.0120e+07
2026-07-23 17:07:16,295 - seismic_optimization - INFO - Iter  161 | Loss: 9.800311e-01 | Grad: 3.8573e-10 | dParam: 3.9691e+07
2026-07-23 17:07:17,000 - seismic_optimization - INFO - Iter  162 | Loss: 9.651424e-01 | Grad: 3.8152e-10 | dParam: 3.9267e+07
2026-07-23 17:07:17,700 - seismic_optimization - INFO - Iter  163 | Loss: 9.505713e-01 | Grad: 3.7740e-10 | dParam: 3.8849e+07
2026-07-23 17:07:18,640 - seismic_optimization - INFO - Iter  164 | Loss: 9.363094e-01 | Grad: 3.7338e-10 | dParam: 3.8435e+07
2026-07-23 17:07:19,459 - seismic_optimization - INFO - Iter  165 | Loss: 9.223487e-01 | Grad: 3.6943e-10 | dParam: 3.8028e+07
2026-07-23 17:07:20,160 - seismic_optimization - INFO - Iter  166 | Loss: 9.086811e-01 | Grad: 3.6556e-10 | dParam: 3.7625e+07
2026-07-23 17:07:20,853 - seismic_optimization - INFO - Iter  167 | Loss: 8.952993e-01 | Grad: 3.6174e-10 | dParam: 3.7228e+07
2026-07-23 17:07:21,547 - seismic_optimization - INFO - Iter  168 | Loss: 8.821962e-01 | Grad: 3.5796e-10 | dParam: 3.6837e+07
2026-07-23 17:07:22,233 - seismic_optimization - INFO - Iter  169 | Loss: 8.693652e-01 | Grad: 3.5423e-10 | dParam: 3.6450e+07
2026-07-23 17:07:22,927 - seismic_optimization - INFO - Iter  170 | Loss: 8.568002e-01 | Grad: 3.5053e-10 | dParam: 3.6069e+07
2026-07-23 17:07:23,623 - seismic_optimization - INFO - Iter  171 | Loss: 8.444953e-01 | Grad: 3.4686e-10 | dParam: 3.5693e+07
2026-07-23 17:07:24,320 - seismic_optimization - INFO - Iter  172 | Loss: 8.324451e-01 | Grad: 3.4323e-10 | dParam: 3.5321e+07
2026-07-23 17:07:25,023 - seismic_optimization - INFO - Iter  173 | Loss: 8.206440e-01 | Grad: 3.3964e-10 | dParam: 3.4954e+07
2026-07-23 17:07:25,719 - seismic_optimization - INFO - Iter  174 | Loss: 8.090869e-01 | Grad: 3.3609e-10 | dParam: 3.4591e+07
2026-07-23 17:07:26,416 - seismic_optimization - INFO - Iter  175 | Loss: 7.977684e-01 | Grad: 3.3259e-10 | dParam: 3.4232e+07
2026-07-23 17:07:27,114 - seismic_optimization - INFO - Iter  176 | Loss: 7.866834e-01 | Grad: 3.2915e-10 | dParam: 3.3877e+07
2026-07-23 17:07:27,803 - seismic_optimization - INFO - Iter  177 | Loss: 7.758266e-01 | Grad: 3.2575e-10 | dParam: 3.3527e+07
2026-07-23 17:07:28,530 - seismic_optimization - INFO - Iter  178 | Loss: 7.651928e-01 | Grad: 3.2241e-10 | dParam: 3.3180e+07
2026-07-23 17:07:29,297 - seismic_optimization - INFO - Iter  179 | Loss: 7.547768e-01 | Grad: 3.1912e-10 | dParam: 3.2838e+07
2026-07-23 17:07:30,209 - seismic_optimization - INFO - Iter  180 | Loss: 7.445735e-01 | Grad: 3.1587e-10 | dParam: 3.2499e+07
2026-07-23 17:07:30,914 - seismic_optimization - INFO - Iter  181 | Loss: 7.345779e-01 | Grad: 3.1267e-10 | dParam: 3.2165e+07
2026-07-23 17:07:31,629 - seismic_optimization - INFO - Iter  182 | Loss: 7.247852e-01 | Grad: 3.0951e-10 | dParam: 3.1835e+07
2026-07-23 17:07:32,345 - seismic_optimization - INFO - Iter  183 | Loss: 7.151906e-01 | Grad: 3.0639e-10 | dParam: 3.1509e+07
2026-07-23 17:07:33,054 - seismic_optimization - INFO - Iter  184 | Loss: 7.057896e-01 | Grad: 3.0330e-10 | dParam: 3.1187e+07
2026-07-23 17:07:33,756 - seismic_optimization - INFO - Iter  185 | Loss: 6.965777e-01 | Grad: 3.0025e-10 | dParam: 3.0870e+07
2026-07-23 17:07:34,457 - seismic_optimization - INFO - Iter  186 | Loss: 6.875508e-01 | Grad: 2.9722e-10 | dParam: 3.0556e+07
2026-07-23 17:07:35,172 - seismic_optimization - INFO - Iter  187 | Loss: 6.787048e-01 | Grad: 2.9423e-10 | dParam: 3.0246e+07
2026-07-23 17:07:35,884 - seismic_optimization - INFO - Iter  188 | Loss: 6.700356e-01 | Grad: 2.9127e-10 | dParam: 2.9941e+07
2026-07-23 17:07:36,588 - seismic_optimization - INFO - Iter  189 | Loss: 6.615394e-01 | Grad: 2.8835e-10 | dParam: 2.9639e+07
2026-07-23 17:07:37,294 - seismic_optimization - INFO - Iter  190 | Loss: 6.532124e-01 | Grad: 2.8545e-10 | dParam: 2.9341e+07
2026-07-23 17:07:38,000 - seismic_optimization - INFO - Iter  191 | Loss: 6.450508e-01 | Grad: 2.8260e-10 | dParam: 2.9047e+07
2026-07-23 17:07:38,766 - seismic_optimization - INFO - Iter  192 | Loss: 6.370510e-01 | Grad: 2.7978e-10 | dParam: 2.8756e+07
2026-07-23 17:07:39,472 - seismic_optimization - INFO - Iter  193 | Loss: 6.292093e-01 | Grad: 2.7700e-10 | dParam: 2.8470e+07
2026-07-23 17:07:40,171 - seismic_optimization - INFO - Iter  194 | Loss: 6.215224e-01 | Grad: 2.7426e-10 | dParam: 2.8186e+07
2026-07-23 17:07:40,871 - seismic_optimization - INFO - Iter  195 | Loss: 6.139865e-01 | Grad: 2.7155e-10 | dParam: 2.7907e+07
2026-07-23 17:07:41,746 - seismic_optimization - INFO - Iter  196 | Loss: 6.065985e-01 | Grad: 2.6888e-10 | dParam: 2.7630e+07
2026-07-23 17:07:42,531 - seismic_optimization - INFO - Iter  197 | Loss: 5.993549e-01 | Grad: 2.6625e-10 | dParam: 2.7358e+07
2026-07-23 17:07:43,278 - seismic_optimization - INFO - Iter  198 | Loss: 5.922525e-01 | Grad: 2.6365e-10 | dParam: 2.7088e+07
2026-07-23 17:07:43,982 - seismic_optimization - INFO - Iter  199 | Loss: 5.852881e-01 | Grad: 2.6109e-10 | dParam: 2.6822e+07
2026-07-23 17:07:44,686 - seismic_optimization - INFO - Iter  200 | Loss: 5.784587e-01 | Grad: 2.5856e-10 | dParam: 2.6560e+07
2026-07-23 17:07:45,411 - seismic_optimization - INFO - Iter  201 | Loss: 5.717612e-01 | Grad: 2.5606e-10 | dParam: 2.6300e+07
2026-07-23 17:07:46,119 - seismic_optimization - INFO - Iter  202 | Loss: 5.651927e-01 | Grad: 2.5360e-10 | dParam: 2.6044e+07
2026-07-23 17:07:46,819 - seismic_optimization - INFO - Iter  203 | Loss: 5.587504e-01 | Grad: 2.5116e-10 | dParam: 2.5791e+07
2026-07-23 17:07:47,534 - seismic_optimization - INFO - Iter  204 | Loss: 5.524316e-01 | Grad: 2.4876e-10 | dParam: 2.5541e+07
2026-07-23 17:07:48,273 - seismic_optimization - INFO - Iter  205 | Loss: 5.462334e-01 | Grad: 2.4638e-10 | dParam: 2.5295e+07
2026-07-23 17:07:49,072 - seismic_optimization - INFO - Iter  206 | Loss: 5.401532e-01 | Grad: 2.4404e-10 | dParam: 2.5051e+07
2026-07-23 17:07:50,104 - seismic_optimization - INFO - Iter  207 | Loss: 5.341885e-01 | Grad: 2.4173e-10 | dParam: 2.4810e+07
2026-07-23 17:07:50,843 - seismic_optimization - INFO - Iter  208 | Loss: 5.283367e-01 | Grad: 2.3945e-10 | dParam: 2.4573e+07
2026-07-23 17:07:51,576 - seismic_optimization - INFO - Iter  209 | Loss: 5.225953e-01 | Grad: 2.3720e-10 | dParam: 2.4338e+07
2026-07-23 17:07:52,309 - seismic_optimization - INFO - Iter  210 | Loss: 5.169618e-01 | Grad: 2.3497e-10 | dParam: 2.4106e+07
2026-07-23 17:07:53,012 - seismic_optimization - INFO - Iter  211 | Loss: 5.114340e-01 | Grad: 2.3278e-10 | dParam: 2.3877e+07
2026-07-23 17:07:53,731 - seismic_optimization - INFO - Iter  212 | Loss: 5.060095e-01 | Grad: 2.3061e-10 | dParam: 2.3651e+07
2026-07-23 17:07:54,458 - seismic_optimization - INFO - Iter  213 | Loss: 5.006860e-01 | Grad: 2.2848e-10 | dParam: 2.3428e+07
2026-07-23 17:07:55,187 - seismic_optimization - INFO - Iter  214 | Loss: 4.954613e-01 | Grad: 2.2636e-10 | dParam: 2.3207e+07
2026-07-23 17:07:55,891 - seismic_optimization - INFO - Iter  215 | Loss: 4.903331e-01 | Grad: 2.2428e-10 | dParam: 2.2990e+07
2026-07-23 17:07:56,623 - seismic_optimization - INFO - Iter  216 | Loss: 4.852996e-01 | Grad: 2.2222e-10 | dParam: 2.2775e+07
2026-07-23 17:07:57,352 - seismic_optimization - INFO - Iter  217 | Loss: 4.803584e-01 | Grad: 2.2019e-10 | dParam: 2.2563e+07
2026-07-23 17:07:58,069 - seismic_optimization - INFO - Iter  218 | Loss: 4.755077e-01 | Grad: 2.1818e-10 | dParam: 2.2353e+07
2026-07-23 17:07:58,852 - seismic_optimization - INFO - Iter  219 | Loss: 4.707455e-01 | Grad: 2.1620e-10 | dParam: 2.2146e+07
2026-07-23 17:07:59,785 - seismic_optimization - INFO - Iter  220 | Loss: 4.660698e-01 | Grad: 2.1424e-10 | dParam: 2.1942e+07
2026-07-23 17:08:01,773 - seismic_optimization - INFO - Iter  221 | Loss: 4.614787e-01 | Grad: 2.1231e-10 | dParam: 2.1740e+07
2026-07-23 17:08:03,046 - seismic_optimization - INFO - Iter  222 | Loss: 4.569705e-01 | Grad: 2.1040e-10 | dParam: 2.1541e+07
2026-07-23 17:08:04,604 - seismic_optimization - INFO - Iter  223 | Loss: 4.525434e-01 | Grad: 2.0851e-10 | dParam: 2.1345e+07
2026-07-23 17:08:06,145 - seismic_optimization - INFO - Iter  224 | Loss: 4.481955e-01 | Grad: 2.0665e-10 | dParam: 2.1151e+07
2026-07-23 17:08:07,195 - seismic_optimization - INFO - Iter  225 | Loss: 4.439252e-01 | Grad: 2.0482e-10 | dParam: 2.0959e+07
2026-07-23 17:08:08,401 - seismic_optimization - INFO - Iter  226 | Loss: 4.397309e-01 | Grad: 2.0300e-10 | dParam: 2.0770e+07
2026-07-23 17:08:09,544 - seismic_optimization - INFO - Iter  227 | Loss: 4.356108e-01 | Grad: 2.0121e-10 | dParam: 2.0583e+07
2026-07-23 17:08:10,816 - seismic_optimization - INFO - Iter  228 | Loss: 4.315634e-01 | Grad: 1.9945e-10 | dParam: 2.0399e+07
2026-07-23 17:08:11,821 - seismic_optimization - INFO - Iter  229 | Loss: 4.275870e-01 | Grad: 1.9771e-10 | dParam: 2.0217e+07
2026-07-23 17:08:13,051 - seismic_optimization - INFO - Iter  230 | Loss: 4.236803e-01 | Grad: 1.9598e-10 | dParam: 2.0037e+07
2026-07-23 17:08:14,128 - seismic_optimization - INFO - Iter  231 | Loss: 4.198417e-01 | Grad: 1.9429e-10 | dParam: 1.9859e+07
2026-07-23 17:08:14,917 - seismic_optimization - INFO - Iter  232 | Loss: 4.160697e-01 | Grad: 1.9261e-10 | dParam: 1.9684e+07
2026-07-23 17:08:15,783 - seismic_optimization - INFO - Iter  233 | Loss: 4.123629e-01 | Grad: 1.9095e-10 | dParam: 1.9511e+07
2026-07-23 17:08:16,588 - seismic_optimization - INFO - Iter  234 | Loss: 4.087200e-01 | Grad: 1.8932e-10 | dParam: 1.9340e+07
2026-07-23 17:08:17,298 - seismic_optimization - INFO - Iter  235 | Loss: 4.051396e-01 | Grad: 1.8771e-10 | dParam: 1.9172e+07
2026-07-23 17:08:18,027 - seismic_optimization - INFO - Iter  236 | Loss: 4.016202e-01 | Grad: 1.8612e-10 | dParam: 1.9005e+07
2026-07-23 17:08:18,760 - seismic_optimization - INFO - Iter  237 | Loss: 3.981608e-01 | Grad: 1.8454e-10 | dParam: 1.8841e+07
2026-07-23 17:08:19,499 - seismic_optimization - INFO - Iter  238 | Loss: 3.947599e-01 | Grad: 1.8299e-10 | dParam: 1.8678e+07
2026-07-23 17:08:20,309 - seismic_optimization - INFO - Iter  239 | Loss: 3.914164e-01 | Grad: 1.8146e-10 | dParam: 1.8518e+07
2026-07-23 17:08:21,199 - seismic_optimization - INFO - Iter  240 | Loss: 3.881290e-01 | Grad: 1.7995e-10 | dParam: 1.8360e+07
2026-07-23 17:08:21,903 - seismic_optimization - INFO - Iter  241 | Loss: 3.848966e-01 | Grad: 1.7846e-10 | dParam: 1.8204e+07
2026-07-23 17:08:22,661 - seismic_optimization - INFO - Iter  242 | Loss: 3.817180e-01 | Grad: 1.7698e-10 | dParam: 1.8049e+07
2026-07-23 17:08:23,506 - seismic_optimization - INFO - Iter  243 | Loss: 3.785920e-01 | Grad: 1.7553e-10 | dParam: 1.7897e+07
2026-07-23 17:08:24,292 - seismic_optimization - INFO - Iter  244 | Loss: 3.755177e-01 | Grad: 1.7409e-10 | dParam: 1.7747e+07
2026-07-23 17:08:25,248 - seismic_optimization - INFO - Iter  245 | Loss: 3.724938e-01 | Grad: 1.7267e-10 | dParam: 1.7598e+07
2026-07-23 17:08:25,960 - seismic_optimization - INFO - Iter  246 | Loss: 3.695194e-01 | Grad: 1.7127e-10 | dParam: 1.7452e+07
2026-07-23 17:08:26,668 - seismic_optimization - INFO - Iter  247 | Loss: 3.665934e-01 | Grad: 1.6989e-10 | dParam: 1.7307e+07
2026-07-23 17:08:27,462 - seismic_optimization - INFO - Iter  248 | Loss: 3.637148e-01 | Grad: 1.6853e-10 | dParam: 1.7164e+07
2026-07-23 17:08:28,236 - seismic_optimization - INFO - Iter  249 | Loss: 3.608826e-01 | Grad: 1.6718e-10 | dParam: 1.7023e+07
2026-07-23 17:08:28,947 - seismic_optimization - INFO - Iter  250 | Loss: 3.580960e-01 | Grad: 1.6585e-10 | dParam: 1.6884e+07
2026-07-23 17:08:29,677 - seismic_optimization - INFO - Iter  251 | Loss: 3.553538e-01 | Grad: 1.6454e-10 | dParam: 1.6746e+07
2026-07-23 17:08:30,406 - seismic_optimization - INFO - Iter  252 | Loss: 3.526553e-01 | Grad: 1.6324e-10 | dParam: 1.6611e+07
2026-07-23 17:08:31,100 - seismic_optimization - INFO - Iter  253 | Loss: 3.499994e-01 | Grad: 1.6196e-10 | dParam: 1.6477e+07
2026-07-23 17:08:31,800 - seismic_optimization - INFO - Iter  254 | Loss: 3.473855e-01 | Grad: 1.6069e-10 | dParam: 1.6344e+07
2026-07-23 17:08:32,503 - seismic_optimization - INFO - Iter  255 | Loss: 3.448125e-01 | Grad: 1.5944e-10 | dParam: 1.6214e+07
2026-07-23 17:08:33,216 - seismic_optimization - INFO - Iter  256 | Loss: 3.422797e-01 | Grad: 1.5821e-10 | dParam: 1.6085e+07
2026-07-23 17:08:33,925 - seismic_optimization - INFO - Iter  257 | Loss: 3.397862e-01 | Grad: 1.5699e-10 | dParam: 1.5957e+07
2026-07-23 17:08:34,669 - seismic_optimization - INFO - Iter  258 | Loss: 3.373312e-01 | Grad: 1.5579e-10 | dParam: 1.5831e+07
2026-07-23 17:08:35,439 - seismic_optimization - INFO - Iter  259 | Loss: 3.349140e-01 | Grad: 1.5461e-10 | dParam: 1.5707e+07
2026-07-23 17:08:36,382 - seismic_optimization - INFO - Iter  260 | Loss: 3.325338e-01 | Grad: 1.5343e-10 | dParam: 1.5585e+07
2026-07-23 17:08:37,087 - seismic_optimization - INFO - Iter  261 | Loss: 3.301898e-01 | Grad: 1.5228e-10 | dParam: 1.5464e+07
2026-07-23 17:08:37,798 - seismic_optimization - INFO - Iter  262 | Loss: 3.278814e-01 | Grad: 1.5114e-10 | dParam: 1.5344e+07
2026-07-23 17:08:38,631 - seismic_optimization - INFO - Iter  263 | Loss: 3.256078e-01 | Grad: 1.5001e-10 | dParam: 1.5226e+07
2026-07-23 17:08:39,346 - seismic_optimization - INFO - Iter  264 | Loss: 3.233682e-01 | Grad: 1.4889e-10 | dParam: 1.5110e+07
2026-07-23 17:08:40,319 - seismic_optimization - INFO - Iter  265 | Loss: 3.211621e-01 | Grad: 1.4779e-10 | dParam: 1.4994e+07
2026-07-23 17:08:41,402 - seismic_optimization - INFO - Iter  266 | Loss: 3.189888e-01 | Grad: 1.4671e-10 | dParam: 1.4881e+07
2026-07-23 17:08:42,100 - seismic_optimization - INFO - Iter  267 | Loss: 3.168476e-01 | Grad: 1.4563e-10 | dParam: 1.4769e+07
2026-07-23 17:08:42,795 - seismic_optimization - INFO - Iter  268 | Loss: 3.147378e-01 | Grad: 1.4458e-10 | dParam: 1.4658e+07
2026-07-23 17:08:43,491 - seismic_optimization - INFO - Iter  269 | Loss: 3.126590e-01 | Grad: 1.4353e-10 | dParam: 1.4548e+07
2026-07-23 17:08:44,183 - seismic_optimization - INFO - Iter  270 | Loss: 3.106103e-01 | Grad: 1.4250e-10 | dParam: 1.4440e+07
2026-07-23 17:08:44,888 - seismic_optimization - INFO - Iter  271 | Loss: 3.085913e-01 | Grad: 1.4148e-10 | dParam: 1.4334e+07
2026-07-23 17:08:45,606 - seismic_optimization - INFO - Iter  272 | Loss: 3.066014e-01 | Grad: 1.4047e-10 | dParam: 1.4228e+07
2026-07-23 17:08:46,320 - seismic_optimization - INFO - Iter  273 | Loss: 3.046400e-01 | Grad: 1.3947e-10 | dParam: 1.4124e+07
2026-07-23 17:08:47,037 - seismic_optimization - INFO - Iter  274 | Loss: 3.027065e-01 | Grad: 1.3849e-10 | dParam: 1.4022e+07
2026-07-23 17:08:47,751 - seismic_optimization - INFO - Iter  275 | Loss: 3.008005e-01 | Grad: 1.3752e-10 | dParam: 1.3920e+07
2026-07-23 17:08:48,538 - seismic_optimization - INFO - Iter  276 | Loss: 2.989213e-01 | Grad: 1.3656e-10 | dParam: 1.3820e+07
2026-07-23 17:08:49,258 - seismic_optimization - INFO - Iter  277 | Loss: 2.970685e-01 | Grad: 1.3561e-10 | dParam: 1.3721e+07
2026-07-23 17:08:49,976 - seismic_optimization - INFO - Iter  278 | Loss: 2.952415e-01 | Grad: 1.3468e-10 | dParam: 1.3623e+07
2026-07-23 17:08:50,812 - seismic_optimization - INFO - Iter  279 | Loss: 2.934398e-01 | Grad: 1.3375e-10 | dParam: 1.3527e+07
2026-07-23 17:08:51,686 - seismic_optimization - INFO - Iter  280 | Loss: 2.916631e-01 | Grad: 1.3284e-10 | dParam: 1.3431e+07
2026-07-23 17:08:52,481 - seismic_optimization - INFO - Iter  281 | Loss: 2.899107e-01 | Grad: 1.3194e-10 | dParam: 1.3337e+07
2026-07-23 17:08:53,200 - seismic_optimization - INFO - Iter  282 | Loss: 2.881823e-01 | Grad: 1.3105e-10 | dParam: 1.3244e+07
2026-07-23 17:08:54,169 - seismic_optimization - INFO - Iter  283 | Loss: 2.864773e-01 | Grad: 1.3017e-10 | dParam: 1.3152e+07
2026-07-23 17:08:54,925 - seismic_optimization - INFO - Iter  284 | Loss: 2.847953e-01 | Grad: 1.2930e-10 | dParam: 1.3062e+07
2026-07-23 17:08:55,701 - seismic_optimization - INFO - Iter  285 | Loss: 2.831360e-01 | Grad: 1.2844e-10 | dParam: 1.2972e+07
2026-07-23 17:08:56,399 - seismic_optimization - INFO - Iter  286 | Loss: 2.814988e-01 | Grad: 1.2759e-10 | dParam: 1.2883e+07
2026-07-23 17:08:57,234 - seismic_optimization - INFO - Iter  287 | Loss: 2.798834e-01 | Grad: 1.2676e-10 | dParam: 1.2796e+07
2026-07-23 17:08:57,949 - seismic_optimization - INFO - Iter  288 | Loss: 2.782893e-01 | Grad: 1.2593e-10 | dParam: 1.2710e+07
2026-07-23 17:08:58,664 - seismic_optimization - INFO - Iter  289 | Loss: 2.767162e-01 | Grad: 1.2511e-10 | dParam: 1.2624e+07
2026-07-23 17:08:59,439 - seismic_optimization - INFO - Iter  290 | Loss: 2.751636e-01 | Grad: 1.2430e-10 | dParam: 1.2540e+07
2026-07-23 17:09:00,880 - seismic_optimization - INFO - Iter  291 | Loss: 2.736312e-01 | Grad: 1.2350e-10 | dParam: 1.2457e+07
2026-07-23 17:09:01,846 - seismic_optimization - INFO - Iter  292 | Loss: 2.721187e-01 | Grad: 1.2271e-10 | dParam: 1.2375e+07
2026-07-23 17:09:03,106 - seismic_optimization - INFO - Iter  293 | Loss: 2.706256e-01 | Grad: 1.2193e-10 | dParam: 1.2293e+07
2026-07-23 17:09:04,063 - seismic_optimization - INFO - Iter  294 | Loss: 2.691515e-01 | Grad: 1.2116e-10 | dParam: 1.2213e+07
2026-07-23 17:09:04,804 - seismic_optimization - INFO - Iter  295 | Loss: 2.676963e-01 | Grad: 1.2040e-10 | dParam: 1.2134e+07
2026-07-23 17:09:05,513 - seismic_optimization - INFO - Iter  296 | Loss: 2.662594e-01 | Grad: 1.1965e-10 | dParam: 1.2055e+07
2026-07-23 17:09:06,309 - seismic_optimization - INFO - Iter  297 | Loss: 2.648406e-01 | Grad: 1.1890e-10 | dParam: 1.1978e+07
2026-07-23 17:09:07,207 - seismic_optimization - INFO - Iter  298 | Loss: 2.634395e-01 | Grad: 1.1817e-10 | dParam: 1.1901e+07
2026-07-23 17:09:08,269 - seismic_optimization - INFO - Iter  299 | Loss: 2.620558e-01 | Grad: 1.1744e-10 | dParam: 1.1826e+07
2026-07-23 17:09:09,359 - seismic_optimization - INFO - Iter  300 | Loss: 2.606893e-01 | Grad: 1.1673e-10 | dParam: 1.1751e+07
2026-07-23 17:09:10,461 - seismic_optimization - INFO - Iter  301 | Loss: 2.593396e-01 | Grad: 1.1602e-10 | dParam: 1.1677e+07
2026-07-23 17:09:11,633 - seismic_optimization - INFO - Iter  302 | Loss: 2.580064e-01 | Grad: 1.1531e-10 | dParam: 1.1605e+07
2026-07-23 17:09:12,619 - seismic_optimization - INFO - Iter  303 | Loss: 2.566894e-01 | Grad: 1.1462e-10 | dParam: 1.1532e+07
2026-07-23 17:09:13,460 - seismic_optimization - INFO - Iter  304 | Loss: 2.553883e-01 | Grad: 1.1394e-10 | dParam: 1.1461e+07
2026-07-23 17:09:14,431 - seismic_optimization - INFO - Iter  305 | Loss: 2.541028e-01 | Grad: 1.1326e-10 | dParam: 1.1391e+07
2026-07-23 17:09:15,328 - seismic_optimization - INFO - Iter  306 | Loss: 2.528328e-01 | Grad: 1.1259e-10 | dParam: 1.1321e+07
2026-07-23 17:09:16,252 - seismic_optimization - INFO - Iter  307 | Loss: 2.515778e-01 | Grad: 1.1193e-10 | dParam: 1.1253e+07
2026-07-23 17:09:17,131 - seismic_optimization - INFO - Iter  308 | Loss: 2.503377e-01 | Grad: 1.1127e-10 | dParam: 1.1185e+07
2026-07-23 17:09:17,990 - seismic_optimization - INFO - Iter  309 | Loss: 2.491122e-01 | Grad: 1.1063e-10 | dParam: 1.1118e+07
2026-07-23 17:09:18,911 - seismic_optimization - INFO - Iter  310 | Loss: 2.479010e-01 | Grad: 1.0999e-10 | dParam: 1.1051e+07
2026-07-23 17:09:19,662 - seismic_optimization - INFO - Iter  311 | Loss: 2.467039e-01 | Grad: 1.0935e-10 | dParam: 1.0986e+07
2026-07-23 17:09:20,518 - seismic_optimization - INFO - Iter  312 | Loss: 2.455206e-01 | Grad: 1.0873e-10 | dParam: 1.0921e+07
2026-07-23 17:09:21,792 - seismic_optimization - INFO - Iter  313 | Loss: 2.443510e-01 | Grad: 1.0811e-10 | dParam: 1.0857e+07
2026-07-23 17:09:23,207 - seismic_optimization - INFO - Iter  314 | Loss: 2.431947e-01 | Grad: 1.0750e-10 | dParam: 1.0793e+07
2026-07-23 17:09:24,254 - seismic_optimization - INFO - Iter  315 | Loss: 2.420516e-01 | Grad: 1.0689e-10 | dParam: 1.0731e+07
2026-07-23 17:09:25,226 - seismic_optimization - INFO - Iter  316 | Loss: 2.409214e-01 | Grad: 1.0630e-10 | dParam: 1.0669e+07
2026-07-23 17:09:26,000 - seismic_optimization - INFO - Iter  317 | Loss: 2.398039e-01 | Grad: 1.0571e-10 | dParam: 1.0608e+07
2026-07-23 17:09:26,921 - seismic_optimization - INFO - Iter  318 | Loss: 2.386990e-01 | Grad: 1.0512e-10 | dParam: 1.0547e+07
2026-07-23 17:09:27,677 - seismic_optimization - INFO - Iter  319 | Loss: 2.376063e-01 | Grad: 1.0454e-10 | dParam: 1.0487e+07
2026-07-23 17:09:28,416 - seismic_optimization - INFO - Iter  320 | Loss: 2.365257e-01 | Grad: 1.0397e-10 | dParam: 1.0428e+07
2026-07-23 17:09:29,166 - seismic_optimization - INFO - Iter  321 | Loss: 2.354570e-01 | Grad: 1.0340e-10 | dParam: 1.0370e+07
2026-07-23 17:09:29,936 - seismic_optimization - INFO - Iter  322 | Loss: 2.343999e-01 | Grad: 1.0284e-10 | dParam: 1.0312e+07
2026-07-23 17:09:30,684 - seismic_optimization - INFO - Iter  323 | Loss: 2.333544e-01 | Grad: 1.0229e-10 | dParam: 1.0254e+07
2026-07-23 17:09:31,410 - seismic_optimization - INFO - Iter  324 | Loss: 2.323202e-01 | Grad: 1.0174e-10 | dParam: 1.0198e+07
2026-07-23 17:09:32,291 - seismic_optimization - INFO - Iter  325 | Loss: 2.312972e-01 | Grad: 1.0120e-10 | dParam: 1.0142e+07
2026-07-23 17:09:33,520 - seismic_optimization - INFO - Iter  326 | Loss: 2.302850e-01 | Grad: 1.0067e-10 | dParam: 1.0087e+07
2026-07-23 17:09:34,822 - seismic_optimization - INFO - Iter  327 | Loss: 2.292837e-01 | Grad: 1.0014e-10 | dParam: 1.0032e+07
2026-07-23 17:09:35,771 - seismic_optimization - INFO - Iter  328 | Loss: 3.821920e+00 | Grad: 9.9611e-11 | dParam: 4.3436e+09
2026-07-23 17:09:36,534 - seismic_optimization - INFO - Iter  329 | Loss: 1.103927e+01 | Grad: 4.7939e-09 | dParam: 3.9154e+09
2026-07-23 17:09:37,564 - seismic_optimization - INFO - Iter  330 | Loss: 1.796829e+01 | Grad: 6.2752e-09 | dParam: 3.5292e+09
2026-07-23 17:09:39,093 - seismic_optimization - WARNING - Iter 331: divergence (loss 2.366e+01 >> best 2.293e-01) — reverting
2026-07-23 17:09:39,133 - seismic_optimization - INFO - Iter  331 | Loss: 2.366025e+01 | Grad: 6.2432e-09 | dParam: 3.1810e+09
2026-07-23 17:09:40,251 - seismic_optimization - INFO - Iter  332 | Loss: 3.854989e+00 | Grad: 9.9611e-11 | dParam: 4.3654e+09
2026-07-23 17:09:41,330 - seismic_optimization - INFO - Iter  333 | Loss: 1.112032e+01 | Grad: 4.8090e-09 | dParam: 3.9351e+09
2026-07-23 17:09:42,711 - seismic_optimization - INFO - Iter  334 | Loss: 1.807713e+01 | Grad: 6.2793e-09 | dParam: 3.5468e+09
2026-07-23 17:09:43,720 - seismic_optimization - WARNING - Iter 335: divergence (loss 2.378e+01 >> best 2.293e-01) — reverting
2026-07-23 17:09:43,752 - seismic_optimization - INFO - Iter  335 | Loss: 2.378399e+01 | Grad: 6.2389e-09 | dParam: 3.1968e+09
2026-07-23 17:09:44,490 - seismic_optimization - INFO - Iter  336 | Loss: 3.887822e+00 | Grad: 9.9611e-11 | dParam: 4.3871e+09
2026-07-23 17:09:45,198 - seismic_optimization - INFO - Iter  337 | Loss: 1.120055e+01 | Grad: 4.8239e-09 | dParam: 3.9545e+09
2026-07-23 17:09:45,926 - seismic_optimization - INFO - Iter  338 | Loss: 1.818464e+01 | Grad: 6.2832e-09 | dParam: 3.5643e+09
2026-07-23 17:09:46,618 - seismic_optimization - WARNING - Iter 339: divergence (loss 2.391e+01 >> best 2.293e-01) — reverting
2026-07-23 17:09:46,648 - seismic_optimization - INFO - Iter  339 | Loss: 2.390616e+01 | Grad: 6.2346e-09 | dParam: 3.2125e+09
2026-07-23 17:09:47,345 - seismic_optimization - INFO - Iter  340 | Loss: 3.920449e+00 | Grad: 9.9611e-11 | dParam: 4.4086e+09
2026-07-23 17:09:48,052 - seismic_optimization - INFO - Iter  341 | Loss: 1.128004e+01 | Grad: 4.8386e-09 | dParam: 3.9738e+09
2026-07-23 17:09:48,760 - seismic_optimization - INFO - Iter  342 | Loss: 1.829095e+01 | Grad: 6.2869e-09 | dParam: 3.5816e+09
2026-07-23 17:09:49,457 - seismic_optimization - WARNING - Iter 343: divergence (loss 2.403e+01 >> best 2.293e-01) — reverting
2026-07-23 17:09:49,488 - seismic_optimization - INFO - Iter  343 | Loss: 2.402688e+01 | Grad: 6.2303e-09 | dParam: 3.2281e+09
2026-07-23 17:09:50,206 - seismic_optimization - INFO - Iter  344 | Loss: 3.952873e+00 | Grad: 9.9611e-11 | dParam: 4.4298e+09
2026-07-23 17:09:50,918 - seismic_optimization - INFO - Iter  345 | Loss: 1.135881e+01 | Grad: 4.8530e-09 | dParam: 3.9929e+09
2026-07-23 17:09:51,746 - seismic_optimization - INFO - Iter  346 | Loss: 1.839608e+01 | Grad: 6.2904e-09 | dParam: 3.5988e+09
2026-07-23 17:09:52,460 - seismic_optimization - WARNING - Iter 347: divergence (loss 2.415e+01 >> best 2.293e-01) — reverting
2026-07-23 17:09:52,505 - seismic_optimization - INFO - Iter  347 | Loss: 2.414620e+01 | Grad: 6.2261e-09 | dParam: 3.2435e+09
2026-07-23 17:09:53,221 - seismic_optimization - INFO - Iter  348 | Loss: 3.985096e+00 | Grad: 9.9611e-11 | dParam: 4.4509e+09
2026-07-23 17:09:53,974 - seismic_optimization - INFO - Iter  349 | Loss: 1.143687e+01 | Grad: 4.8673e-09 | dParam: 4.0119e+09
2026-07-23 17:09:54,747 - seismic_optimization - INFO - Iter  350 | Loss: 1.850004e+01 | Grad: 6.2937e-09 | dParam: 3.6158e+09
2026-07-23 17:09:55,471 - seismic_optimization - WARNING - Iter 351: divergence (loss 2.426e+01 >> best 2.293e-01) — reverting
2026-07-23 17:09:55,517 - seismic_optimization - INFO - Iter  351 | Loss: 2.426413e+01 | Grad: 6.2219e-09 | dParam: 3.2588e+09
2026-07-23 17:09:56,231 - seismic_optimization - INFO - Iter  352 | Loss: 4.017119e+00 | Grad: 9.9611e-11 | dParam: 4.4718e+09
2026-07-23 17:09:56,947 - seismic_optimization - INFO - Iter  353 | Loss: 1.151422e+01 | Grad: 4.8813e-09 | dParam: 4.0306e+09
2026-07-23 17:09:57,653 - seismic_optimization - INFO - Iter  354 | Loss: 1.860285e+01 | Grad: 6.2968e-09 | dParam: 3.6327e+09
2026-07-23 17:09:58,320 - seismic_optimization - WARNING - Iter 355: divergence (loss 2.438e+01 >> best 2.293e-01) — reverting
2026-07-23 17:09:58,364 - seismic_optimization - INFO - Iter  355 | Loss: 2.438070e+01 | Grad: 6.2176e-09 | dParam: 3.2740e+09
2026-07-23 17:09:59,075 - seismic_optimization - INFO - Iter  356 | Loss: 4.048944e+00 | Grad: 9.9611e-11 | dParam: 4.4925e+09
2026-07-23 17:09:59,788 - seismic_optimization - INFO - Iter  357 | Loss: 1.159087e+01 | Grad: 4.8951e-09 | dParam: 4.0492e+09
2026-07-23 17:10:00,519 - seismic_optimization - INFO - Iter  358 | Loss: 1.870455e+01 | Grad: 6.2998e-09 | dParam: 3.6494e+09
2026-07-23 17:10:01,182 - seismic_optimization - WARNING - Iter 359: divergence (loss 2.450e+01 >> best 2.293e-01) — reverting
2026-07-23 17:10:01,220 - seismic_optimization - INFO - Iter  359 | Loss: 2.449595e+01 | Grad: 6.2134e-09 | dParam: 3.2890e+09
2026-07-23 17:10:01,924 - seismic_optimization - INFO - Iter  360 | Loss: 4.080572e+00 | Grad: 9.9611e-11 | dParam: 4.5131e+09
2026-07-23 17:10:03,017 - seismic_optimization - INFO - Iter  361 | Loss: 1.166684e+01 | Grad: 4.9088e-09 | dParam: 4.0677e+09
2026-07-23 17:10:03,738 - seismic_optimization - INFO - Iter  362 | Loss: 1.880513e+01 | Grad: 6.3026e-09 | dParam: 3.6660e+09
2026-07-23 17:10:04,420 - seismic_optimization - WARNING - Iter 363: divergence (loss 2.461e+01 >> best 2.293e-01) — reverting
2026-07-23 17:10:04,452 - seismic_optimization - INFO - Iter  363 | Loss: 2.460990e+01 | Grad: 6.2093e-09 | dParam: 3.3038e+09
2026-07-23 17:10:05,161 - seismic_optimization - INFO - Iter  364 | Loss: 4.112006e+00 | Grad: 9.9611e-11 | dParam: 4.5334e+09
2026-07-23 17:10:05,881 - seismic_optimization - INFO - Iter  365 | Loss: 1.174213e+01 | Grad: 4.9222e-09 | dParam: 4.0860e+09
2026-07-23 17:10:06,575 - seismic_optimization - INFO - Iter  366 | Loss: 1.890464e+01 | Grad: 6.3053e-09 | dParam: 3.6824e+09
2026-07-23 17:10:07,240 - seismic_optimization - WARNING - Iter 367: divergence (loss 2.472e+01 >> best 2.293e-01) — reverting
2026-07-23 17:10:07,269 - seismic_optimization - INFO - Iter  367 | Loss: 2.472258e+01 | Grad: 6.2051e-09 | dParam: 3.3186e+09
2026-07-23 17:10:07,964 - seismic_optimization - INFO - Iter  368 | Loss: 4.143247e+00 | Grad: 9.9611e-11 | dParam: 4.5536e+09
2026-07-23 17:10:08,694 - seismic_optimization - INFO - Iter  369 | Loss: 1.181674e+01 | Grad: 4.9354e-09 | dParam: 4.1041e+09
2026-07-23 17:10:09,396 - seismic_optimization - INFO - Iter  370 | Loss: 1.900307e+01 | Grad: 6.3078e-09 | dParam: 3.6987e+09
2026-07-23 17:10:10,065 - seismic_optimization - WARNING - Iter 371: divergence (loss 2.483e+01 >> best 2.293e-01) — reverting
2026-07-23 17:10:10,099 - seismic_optimization - INFO - Iter  371 | Loss: 2.483401e+01 | Grad: 6.2010e-09 | dParam: 3.3332e+09
2026-07-23 17:10:10,830 - seismic_optimization - INFO - Iter  372 | Loss: 4.174296e+00 | Grad: 9.9611e-11 | dParam: 4.5736e+09
2026-07-23 17:10:11,536 - seismic_optimization - INFO - Iter  373 | Loss: 1.189070e+01 | Grad: 4.9484e-09 | dParam: 4.1221e+09
2026-07-23 17:10:12,233 - seismic_optimization - INFO - Iter  374 | Loss: 1.910046e+01 | Grad: 6.3101e-09 | dParam: 3.7148e+09
2026-07-23 17:10:13,178 - seismic_optimization - WARNING - Iter 375: divergence (loss 2.494e+01 >> best 2.293e-01) — reverting
2026-07-23 17:10:13,223 - seismic_optimization - INFO - Iter  375 | Loss: 2.494421e+01 | Grad: 6.1970e-09 | dParam: 3.3477e+09
2026-07-23 17:10:14,098 - seismic_optimization - INFO - Iter  376 | Loss: 4.205155e+00 | Grad: 9.9611e-11 | dParam: 4.5934e+09
2026-07-23 17:10:14,982 - seismic_optimization - INFO - Iter  377 | Loss: 1.196401e+01 | Grad: 4.9613e-09 | dParam: 4.1399e+09
2026-07-23 17:10:16,211 - seismic_optimization - INFO - Iter  378 | Loss: 1.919682e+01 | Grad: 6.3123e-09 | dParam: 3.7308e+09
2026-07-23 17:10:16,925 - seismic_optimization - WARNING - Iter 379: divergence (loss 2.505e+01 >> best 2.293e-01) — reverting
2026-07-23 17:10:16,961 - seismic_optimization - INFO - Iter  379 | Loss: 2.505321e+01 | Grad: 6.1929e-09 | dParam: 3.3621e+09
2026-07-23 17:10:18,087 - seismic_optimization - INFO - Iter  380 | Loss: 4.235825e+00 | Grad: 9.9611e-11 | dParam: 4.6131e+09
2026-07-23 17:10:19,021 - seismic_optimization - INFO - Iter  381 | Loss: 1.203667e+01 | Grad: 4.9740e-09 | dParam: 4.1575e+09
2026-07-23 17:10:19,761 - seismic_optimization - INFO - Iter  382 | Loss: 1.929217e+01 | Grad: 6.3144e-09 | dParam: 3.7467e+09
2026-07-23 17:10:20,597 - seismic_optimization - WARNING - Iter 383: divergence (loss 2.516e+01 >> best 2.293e-01) — reverting
2026-07-23 17:10:20,637 - seismic_optimization - INFO - Iter  383 | Loss: 2.516103e+01 | Grad: 6.1889e-09 | dParam: 3.3763e+09
2026-07-23 17:10:21,444 - seismic_optimization - INFO - Iter  384 | Loss: 4.266309e+00 | Grad: 9.9611e-11 | dParam: 4.6326e+09
2026-07-23 17:10:22,246 - seismic_optimization - INFO - Iter  385 | Loss: 1.210870e+01 | Grad: 4.9865e-09 | dParam: 4.1750e+09
2026-07-23 17:10:23,058 - seismic_optimization - INFO - Iter  386 | Loss: 1.938652e+01 | Grad: 6.3164e-09 | dParam: 3.7624e+09
2026-07-23 17:10:23,830 - seismic_optimization - WARNING - Iter 387: divergence (loss 2.527e+01 >> best 2.293e-01) — reverting
2026-07-23 17:10:23,896 - seismic_optimization - INFO - Iter  387 | Loss: 2.526769e+01 | Grad: 6.1849e-09 | dParam: 3.3905e+09
2026-07-23 17:10:24,714 - seismic_optimization - INFO - Iter  388 | Loss: 4.296608e+00 | Grad: 9.9611e-11 | dParam: 4.6519e+09
2026-07-23 17:10:25,534 - seismic_optimization - INFO - Iter  389 | Loss: 1.218010e+01 | Grad: 4.9988e-09 | dParam: 4.1924e+09
2026-07-23 17:10:26,400 - seismic_optimization - INFO - Iter  390 | Loss: 1.947989e+01 | Grad: 6.3182e-09 | dParam: 3.7780e+09
2026-07-23 17:10:27,268 - seismic_optimization - WARNING - Iter 391: divergence (loss 2.537e+01 >> best 2.293e-01) — reverting
2026-07-23 17:10:27,305 - seismic_optimization - INFO - Iter  391 | Loss: 2.537322e+01 | Grad: 6.1810e-09 | dParam: 3.4045e+09
2026-07-23 17:10:28,324 - seismic_optimization - INFO - Iter  392 | Loss: 4.326723e+00 | Grad: 9.9611e-11 | dParam: 4.6711e+09
2026-07-23 17:10:29,159 - seismic_optimization - INFO - Iter  393 | Loss: 1.225088e+01 | Grad: 5.0109e-09 | dParam: 4.2096e+09
2026-07-23 17:10:30,034 - seismic_optimization - INFO - Iter  394 | Loss: 1.957229e+01 | Grad: 6.3199e-09 | dParam: 3.7935e+09
2026-07-23 17:10:30,753 - seismic_optimization - WARNING - Iter 395: divergence (loss 2.548e+01 >> best 2.293e-01) — reverting
2026-07-23 17:10:30,792 - seismic_optimization - INFO - Iter  395 | Loss: 2.547763e+01 | Grad: 6.1771e-09 | dParam: 3.4184e+09
2026-07-23 17:10:31,736 - seismic_optimization - INFO - Iter  396 | Loss: 4.356655e+00 | Grad: 9.9611e-11 | dParam: 4.6901e+09
2026-07-23 17:10:32,618 - seismic_optimization - INFO - Iter  397 | Loss: 1.232105e+01 | Grad: 5.0229e-09 | dParam: 4.2267e+09
2026-07-23 17:10:33,948 - seismic_optimization - INFO - Iter  398 | Loss: 1.966375e+01 | Grad: 6.3215e-09 | dParam: 3.8088e+09
2026-07-23 17:10:34,711 - seismic_optimization - WARNING - Iter 399: divergence (loss 2.558e+01 >> best 2.293e-01) — reverting
2026-07-23 17:10:34,741 - seismic_optimization - INFO - Iter  399 | Loss: 2.558096e+01 | Grad: 6.1732e-09 | dParam: 3.4322e+09
2026-07-23 17:10:35,480 - seismic_optimization - INFO - Iter  400 | Loss: 4.386407e+00 | Grad: 9.9611e-11 | dParam: 4.7090e+09
2026-07-23 17:10:36,276 - seismic_optimization - INFO - Iter  401 | Loss: 1.239062e+01 | Grad: 5.0347e-09 | dParam: 4.2436e+09
2026-07-23 17:10:37,075 - seismic_optimization - INFO - Iter  402 | Loss: 1.975428e+01 | Grad: 6.3230e-09 | dParam: 3.8240e+09
2026-07-23 17:10:37,839 - seismic_optimization - WARNING - Iter 403: divergence (loss 2.568e+01 >> best 2.293e-01) — reverting
2026-07-23 17:10:37,870 - seismic_optimization - INFO - Iter  403 | Loss: 2.568321e+01 | Grad: 6.1694e-09 | dParam: 3.4458e+09
2026-07-23 17:10:38,800 - seismic_optimization - INFO - Iter  404 | Loss: 4.415980e+00 | Grad: 9.9611e-11 | dParam: 4.7277e+09
2026-07-23 17:10:39,683 - seismic_optimization - INFO - Iter  405 | Loss: 1.245959e+01 | Grad: 5.0463e-09 | dParam: 4.2604e+09
2026-07-23 17:10:40,476 - seismic_optimization - INFO - Iter  406 | Loss: 1.984389e+01 | Grad: 6.3243e-09 | dParam: 3.8391e+09
2026-07-23 17:10:41,238 - seismic_optimization - WARNING - Iter 407: divergence (loss 2.578e+01 >> best 2.293e-01) — reverting
2026-07-23 17:10:41,272 - seismic_optimization - INFO - Iter  407 | Loss: 2.578440e+01 | Grad: 6.1656e-09 | dParam: 3.4594e+09
2026-07-23 17:10:41,993 - seismic_optimization - INFO - Iter  408 | Loss: 4.445374e+00 | Grad: 9.9611e-11 | dParam: 4.7462e+09
2026-07-23 17:10:42,788 - seismic_optimization - INFO - Iter  409 | Loss: 1.252797e+01 | Grad: 5.0578e-09 | dParam: 4.2771e+09
2026-07-23 17:10:43,562 - seismic_optimization - INFO - Iter  410 | Loss: 1.993260e+01 | Grad: 6.3256e-09 | dParam: 3.8541e+09
2026-07-23 17:10:44,442 - seismic_optimization - WARNING - Iter 411: divergence (loss 2.588e+01 >> best 2.293e-01) — reverting
2026-07-23 17:10:44,492 - seismic_optimization - INFO - Iter  411 | Loss: 2.588457e+01 | Grad: 6.1619e-09 | dParam: 3.4729e+09
2026-07-23 17:10:45,453 - seismic_optimization - INFO - Iter  412 | Loss: 4.474593e+00 | Grad: 9.9611e-11 | dParam: 4.7646e+09
2026-07-23 17:10:46,396 - seismic_optimization - INFO - Iter  413 | Loss: 1.259577e+01 | Grad: 5.0691e-09 | dParam: 4.2936e+09
2026-07-23 17:10:47,259 - seismic_optimization - INFO - Iter  414 | Loss: 2.002042e+01 | Grad: 6.3268e-09 | dParam: 3.8689e+09
2026-07-23 17:10:48,050 - seismic_optimization - WARNING - Iter 415: divergence (loss 2.598e+01 >> best 2.293e-01) — reverting
2026-07-23 17:10:48,089 - seismic_optimization - INFO - Iter  415 | Loss: 2.598371e+01 | Grad: 6.1582e-09 | dParam: 3.4862e+09
2026-07-23 17:10:48,868 - seismic_optimization - INFO - Iter  416 | Loss: 4.503636e+00 | Grad: 9.9611e-11 | dParam: 4.7829e+09
2026-07-23 17:10:49,675 - seismic_optimization - INFO - Iter  417 | Loss: 1.266299e+01 | Grad: 5.0803e-09 | dParam: 4.3100e+09
2026-07-23 17:10:50,418 - seismic_optimization - INFO - Iter  418 | Loss: 2.010736e+01 | Grad: 6.3278e-09 | dParam: 3.8837e+09
2026-07-23 17:10:51,172 - seismic_optimization - WARNING - Iter 419: divergence (loss 2.608e+01 >> best 2.293e-01) — reverting
2026-07-23 17:10:51,207 - seismic_optimization - INFO - Iter  419 | Loss: 2.608186e+01 | Grad: 6.1545e-09 | dParam: 3.4994e+09
2026-07-23 17:10:52,023 - seismic_optimization - INFO - Iter  420 | Loss: 4.532506e+00 | Grad: 9.9611e-11 | dParam: 4.8010e+09
2026-07-23 17:10:52,760 - seismic_optimization - INFO - Iter  421 | Loss: 1.272965e+01 | Grad: 5.0913e-09 | dParam: 4.3263e+09
2026-07-23 17:10:53,609 - seismic_optimization - INFO - Iter  422 | Loss: 2.019345e+01 | Grad: 6.3288e-09 | dParam: 3.8983e+09
2026-07-23 17:10:54,634 - seismic_optimization - WARNING - Iter 423: divergence (loss 2.618e+01 >> best 2.293e-01) — reverting
2026-07-23 17:10:54,708 - seismic_optimization - INFO - Iter  423 | Loss: 2.617903e+01 | Grad: 6.1509e-09 | dParam: 3.5126e+09
2026-07-23 17:10:55,754 - seismic_optimization - INFO - Iter  424 | Loss: 4.561203e+00 | Grad: 9.9611e-11 | dParam: 4.8189e+09
2026-07-23 17:10:57,053 - seismic_optimization - INFO - Iter  425 | Loss: 1.279575e+01 | Grad: 5.1022e-09 | dParam: 4.3424e+09
2026-07-23 17:10:58,455 - seismic_optimization - INFO - Iter  426 | Loss: 2.027869e+01 | Grad: 6.3297e-09 | dParam: 3.9128e+09
2026-07-23 17:10:59,512 - seismic_optimization - WARNING - Iter 427: divergence (loss 2.628e+01 >> best 2.293e-01) — reverting
2026-07-23 17:10:59,557 - seismic_optimization - INFO - Iter  427 | Loss: 2.627524e+01 | Grad: 6.1473e-09 | dParam: 3.5256e+09
2026-07-23 17:11:00,649 - seismic_optimization - INFO - Iter  428 | Loss: 4.589730e+00 | Grad: 9.9611e-11 | dParam: 4.8367e+09
2026-07-23 17:11:02,121 - seismic_optimization - INFO - Iter  429 | Loss: 1.286129e+01 | Grad: 5.1129e-09 | dParam: 4.3584e+09
2026-07-23 17:11:03,590 - seismic_optimization - INFO - Iter  430 | Loss: 2.036309e+01 | Grad: 6.3305e-09 | dParam: 3.9272e+09
2026-07-23 17:11:05,440 - seismic_optimization - WARNING - Iter 431: divergence (loss 2.637e+01 >> best 2.293e-01) — reverting
2026-07-23 17:11:05,518 - seismic_optimization - INFO - Iter  431 | Loss: 2.637050e+01 | Grad: 6.1438e-09 | dParam: 3.5385e+09
2026-07-23 17:11:07,169 - seismic_optimization - INFO - Iter  432 | Loss: 4.618087e+00 | Grad: 9.9611e-11 | dParam: 4.8544e+09
2026-07-23 17:11:08,370 - seismic_optimization - INFO - Iter  433 | Loss: 1.292629e+01 | Grad: 5.1235e-09 | dParam: 4.3743e+09
2026-07-23 17:11:09,987 - seismic_optimization - INFO - Iter  434 | Loss: 2.044668e+01 | Grad: 6.3312e-09 | dParam: 3.9414e+09
2026-07-23 17:11:10,744 - seismic_optimization - WARNING - Iter 435: divergence (loss 2.646e+01 >> best 2.293e-01) — reverting
2026-07-23 17:11:10,783 - seismic_optimization - INFO - Iter  435 | Loss: 2.646482e+01 | Grad: 6.1403e-09 | dParam: 3.5513e+09
2026-07-23 17:11:11,585 - seismic_optimization - INFO - Iter  436 | Loss: 4.646275e+00 | Grad: 9.9611e-11 | dParam: 4.8720e+09
2026-07-23 17:11:12,434 - seismic_optimization - INFO - Iter  437 | Loss: 1.299075e+01 | Grad: 5.1340e-09 | dParam: 4.3901e+09
2026-07-23 17:11:13,223 - seismic_optimization - INFO - Iter  438 | Loss: 2.052946e+01 | Grad: 6.3318e-09 | dParam: 3.9556e+09
2026-07-23 17:11:14,324 - seismic_optimization - WARNING - Iter 439: divergence (loss 2.656e+01 >> best 2.293e-01) — reverting
2026-07-23 17:11:14,422 - seismic_optimization - INFO - Iter  439 | Loss: 2.655824e+01 | Grad: 6.1369e-09 | dParam: 3.5641e+09
2026-07-23 17:11:15,441 - seismic_optimization - INFO - Iter  440 | Loss: 4.674298e+00 | Grad: 9.9611e-11 | dParam: 4.8894e+09
2026-07-23 17:11:16,195 - seismic_optimization - INFO - Iter  441 | Loss: 1.305468e+01 | Grad: 5.1443e-09 | dParam: 4.4057e+09
2026-07-23 17:11:16,911 - seismic_optimization - INFO - Iter  442 | Loss: 2.061144e+01 | Grad: 6.3324e-09 | dParam: 3.9696e+09
2026-07-23 17:11:17,584 - seismic_optimization - WARNING - Iter 443: divergence (loss 2.665e+01 >> best 2.293e-01) — reverting
2026-07-23 17:11:17,621 - seismic_optimization - INFO - Iter  443 | Loss: 2.665076e+01 | Grad: 6.1335e-09 | dParam: 3.5767e+09
2026-07-23 17:11:18,435 - seismic_optimization - INFO - Iter  444 | Loss: 4.702154e+00 | Grad: 9.9611e-11 | dParam: 4.9066e+09
2026-07-23 17:11:19,168 - seismic_optimization - INFO - Iter  445 | Loss: 1.311807e+01 | Grad: 5.1545e-09 | dParam: 4.4212e+09
2026-07-23 17:11:19,925 - seismic_optimization - INFO - Iter  446 | Loss: 2.069264e+01 | Grad: 6.3328e-09 | dParam: 3.9836e+09
2026-07-23 17:11:20,615 - seismic_optimization - WARNING - Iter 447: divergence (loss 2.674e+01 >> best 2.293e-01) — reverting
2026-07-23 17:11:20,667 - seismic_optimization - INFO - Iter  447 | Loss: 2.674239e+01 | Grad: 6.1301e-09 | dParam: 3.5892e+09
2026-07-23 17:11:21,393 - seismic_optimization - INFO - Iter  448 | Loss: 4.729846e+00 | Grad: 9.9611e-11 | dParam: 4.9238e+09
2026-07-23 17:11:22,125 - seismic_optimization - INFO - Iter  449 | Loss: 1.318095e+01 | Grad: 5.1645e-09 | dParam: 4.4366e+09
2026-07-23 17:11:23,074 - seismic_optimization - INFO - Iter  450 | Loss: 2.077306e+01 | Grad: 6.3332e-09 | dParam: 3.9974e+09
2026-07-23 17:11:24,179 - seismic_optimization - WARNING - Iter 451: divergence (loss 2.683e+01 >> best 2.293e-01) — reverting
2026-07-23 17:11:24,234 - seismic_optimization - INFO - Iter  451 | Loss: 2.683315e+01 | Grad: 6.1268e-09 | dParam: 3.6016e+09
2026-07-23 17:11:25,682 - seismic_optimization - INFO - Iter  452 | Loss: 4.757376e+00 | Grad: 9.9611e-11 | dParam: 4.9408e+09
2026-07-23 17:11:26,401 - seismic_optimization - INFO - Iter  453 | Loss: 1.324331e+01 | Grad: 5.1744e-09 | dParam: 4.4519e+09
2026-07-23 17:11:27,202 - seismic_optimization - INFO - Iter  454 | Loss: 2.085273e+01 | Grad: 6.3336e-09 | dParam: 4.0112e+09
2026-07-23 17:11:28,004 - seismic_optimization - WARNING - Iter 455: divergence (loss 2.692e+01 >> best 2.293e-01) — reverting
2026-07-23 17:11:28,040 - seismic_optimization - INFO - Iter  455 | Loss: 2.692306e+01 | Grad: 6.1235e-09 | dParam: 3.6140e+09
2026-07-23 17:11:28,947 - seismic_optimization - INFO - Iter  456 | Loss: 4.784743e+00 | Grad: 9.9611e-11 | dParam: 4.9577e+09
2026-07-23 17:11:29,782 - seismic_optimization - INFO - Iter  457 | Loss: 1.330516e+01 | Grad: 5.1842e-09 | dParam: 4.4671e+09
2026-07-23 17:11:30,731 - seismic_optimization - INFO - Iter  458 | Loss: 2.093165e+01 | Grad: 6.3338e-09 | dParam: 4.0248e+09
2026-07-23 17:11:31,403 - seismic_optimization - WARNING - Iter 459: divergence (loss 2.701e+01 >> best 2.293e-01) — reverting
2026-07-23 17:11:31,441 - seismic_optimization - INFO - Iter  459 | Loss: 2.701213e+01 | Grad: 6.1203e-09 | dParam: 3.6262e+09
2026-07-23 17:11:32,150 - seismic_optimization - INFO - Iter  460 | Loss: 4.811951e+00 | Grad: 9.9611e-11 | dParam: 4.9744e+09
2026-07-23 17:11:32,879 - seismic_optimization - INFO - Iter  461 | Loss: 1.336651e+01 | Grad: 5.1939e-09 | dParam: 4.4821e+09
